<?xml version="1.0" encoding="UTF-8"?>
<!-- Generated by org.testng.reporters.JUnitReportReporter -->
<testsuite hostname="Andr0id.attlocal.net" failures="0" tests="1" name="Tests.FunctionalSearch" time="5.264" errors="0" timestamp="09 Jun 2019 07:53:25 GMT" skipped="0">
  <testcase classname="Tests.FunctionalSearch" name="FunctionalSearchBlock" time="5.264"/>
</testsuite> <!-- Tests.FunctionalSearch -->
