<?xml version="1.0" encoding="UTF-8"?>
<!-- Generated by org.testng.reporters.JUnitReportReporter -->
<testsuite hostname="Andr0id.attlocal.net" failures="0" tests="9" name="Tests.VerifyLanguages" time="71.895" errors="0" timestamp="10 Jun 2019 08:08:14 GMT" skipped="0">
  <testcase classname="Tests.VerifyLanguages" name="VerifyEspañol" time="6.747"/>
  <testcase classname="Tests.VerifyLanguages" name="VerifyItaliano" time="7.467"/>
  <testcase classname="Tests.VerifyLanguages" name="VerifyPolski" time="6.472"/>
  <testcase classname="Tests.VerifyLanguages" name="VefifyTürkçe" time="7.936"/>
  <testcase classname="Tests.VerifyLanguages" name="VerifyEnglish" time="6.041"/>
  <testcase classname="Tests.VerifyLanguages" name="VerifyPortuguês" time="15.761"/>
  <testcase classname="Tests.VerifyLanguages" name="VerifyGerman" time="8.358"/>
  <testcase classname="Tests.VerifyLanguages" name="VerifyRussian" time="6.770"/>
  <testcase classname="Tests.VerifyLanguages" name="VerifyFrançais" time="6.343"/>
</testsuite> <!-- Tests.VerifyLanguages -->
