<?xml version="1.0" encoding="UTF-8"?>
<!-- Generated by org.testng.reporters.JUnitReportReporter -->
<testsuite hostname="Andr0id.attlocal.net" failures="0" tests="1" name="Tests.FunctionalSearchFlyghts" time="12.426" errors="0" timestamp="09 Jun 2019 23:36:23 GMT" skipped="0">
  <testcase classname="Tests.FunctionalSearchFlyghts" name="FunctionalFlyghtsSearch" time="12.426"/>
</testsuite> <!-- Tests.FunctionalSearchFlyghts -->
