<?xml version="1.0" encoding="UTF-8"?>
<!-- Generated by org.testng.reporters.JUnitReportReporter -->
<testsuite hostname="Andr0id.attlocal.net" failures="0" tests="1" name="PageObgjects.FunctionalSearchFlyghts" time="0.664" errors="0" timestamp="09 Jun 2019 21:42:40 GMT" skipped="0">
  <testcase classname="PageObgjects.FunctionalSearchFlyghts" name="FunctionalFlyghtsSearch" time="0.664"/>
</testsuite> <!-- PageObgjects.FunctionalSearchFlyghts -->
