<?xml version="1.0" encoding="UTF-8"?>
<!-- Generated by org.testng.reporters.JUnitReportReporter -->
<testsuite hostname="Andr0id.attlocal.net" failures="0" tests="1" name="Tests.FunctionalHotelSearch" time="6.290" errors="0" timestamp="12 Jun 2019 07:32:49 GMT" skipped="0">
  <testcase classname="Tests.FunctionalHotelSearch" name="FunctionalSearchHotel" time="6.290"/>
</testsuite> <!-- Tests.FunctionalHotelSearch -->
